<?xml version="1.0" encoding="UTF-8"?>
<!-- Generated by org.testng.reporters.JUnitReportReporter -->
<testsuite skipped="0" hostname="BLRCND52002239" name="com.Ecommerce.testCases.TC_AddCustomerTest_003" tests="1" failures="0" timestamp="30 Mar 2021 11:17:41 GMT" time="33.928" errors="0">
  <testcase name="addNewCustomer" time="33.928" classname="com.Ecommerce.testCases.TC_AddCustomerTest_003"/>
</testsuite> <!-- com.Ecommerce.testCases.TC_AddCustomerTest_003 -->
