<?xml version="1.0" encoding="UTF-8"?>
<!-- Generated by org.testng.reporters.JUnitReportReporter -->
<testsuite skipped="0" hostname="BLRCND52002239" name="com.Ecommerce.testCases.TC_LoginTest_001" tests="1" failures="0" timestamp="30 Mar 2021 11:17:41 GMT" time="15.726" errors="0">
  <testcase name="loginTest" time="15.726" classname="com.Ecommerce.testCases.TC_LoginTest_001"/>
</testsuite> <!-- com.Ecommerce.testCases.TC_LoginTest_001 -->
